2025-12-21 16:21:25.729 [main] DEBUG service.LoanService - LoanService initialized with injected LoanDAO.
2025-12-21 16:21:25.738 [main] DEBUG service.LoanService - create(Loan) called.
2025-12-21 16:21:25.762 [main] DEBUG service.LoanService - LoanService initialized with injected LoanDAO.
2025-12-21 16:21:25.767 [main] DEBUG service.LoanService - update called for id=999
2025-12-21 16:21:25.770 [main] INFO  service.LoanService - update failed: no loan found with id=999
2025-12-21 16:21:25.773 [main] DEBUG service.LoanService - LoanService initialized with injected LoanDAO.
2025-12-21 16:21:25.774 [main] DEBUG service.LoanService - getLoansByMemberId called. memberId=0
2025-12-21 16:21:25.774 [main] WARN  service.LoanService - getLoansByMemberId called with invalid memberId=0
2025-12-21 16:21:25.774 [main] DEBUG service.LoanService - getLoansByMemberId called. memberId=-10
2025-12-21 16:21:25.774 [main] WARN  service.LoanService - getLoansByMemberId called with invalid memberId=-10
2025-12-21 16:21:25.777 [main] DEBUG service.LoanService - LoanService initialized with injected LoanDAO.
2025-12-21 16:21:25.778 [main] DEBUG service.LoanService - getActiveLoans called.
2025-12-21 16:21:25.779 [main] DEBUG service.LoanService - getActiveLoans returning 2 loans.
2025-12-21 16:21:25.782 [main] DEBUG service.LoanService - LoanService initialized with injected LoanDAO.
2025-12-21 16:21:25.783 [main] DEBUG service.LoanService - create(Loan) called.
2025-12-21 16:21:25.783 [main] INFO  service.LoanService - Loan created successfully with id=100 (bookId=5, memberId=7)
2025-12-21 16:21:25.785 [main] DEBUG service.LoanService - LoanService initialized with injected LoanDAO.
2025-12-21 16:21:25.786 [main] INFO  service.LoanService - No loan found with id=999
2025-12-21 16:21:25.788 [main] DEBUG service.LoanService - LoanService initialized with injected LoanDAO.
2025-12-21 16:21:25.789 [main] DEBUG service.LoanService - update called for id=100
2025-12-21 16:21:25.789 [main] INFO  service.LoanService - Loan updated successfully for id=100
2025-12-21 16:21:25.790 [main] DEBUG service.LoanService - LoanService initialized with injected LoanDAO.
2025-12-21 16:21:25.791 [main] DEBUG service.LoanService - getOverdueLoans called. currentDate=null
2025-12-21 16:21:25.808 [main] DEBUG service.BookService - BookService initialized with injected BookDAO.
2025-12-21 16:21:25.810 [main] DEBUG service.BookService - update called for id=10
2025-12-21 16:21:25.811 [main] INFO  service.BookService - Book updated successfully for id=10
2025-12-21 16:21:25.812 [main] DEBUG service.BookService - BookService initialized with injected BookDAO.
2025-12-21 16:21:25.814 [main] DEBUG service.BookService - Book found with id=10
2025-12-21 16:21:25.815 [main] DEBUG service.BookService - BookService initialized with injected BookDAO.
2025-12-21 16:21:25.816 [main] DEBUG service.BookService - getAll called.
2025-12-21 16:21:25.816 [main] DEBUG service.BookService - getAll returning 2 books.
2025-12-21 16:21:25.817 [main] DEBUG service.BookService - BookService initialized with injected BookDAO.
2025-12-21 16:21:25.818 [main] DEBUG service.BookService - delete called for id=10
2025-12-21 16:21:25.818 [main] INFO  service.BookService - Book deleted successfully for id=10
2025-12-21 16:21:25.823 [main] DEBUG service.BookService - BookService initialized with injected BookDAO.
2025-12-21 16:21:25.824 [main] DEBUG service.BookService - delete called for id=999
2025-12-21 16:21:25.824 [main] INFO  service.BookService - delete skipped: no book found with id=999
2025-12-21 16:21:25.826 [main] DEBUG service.BookService - BookService initialized with injected BookDAO.
2025-12-21 16:21:25.826 [main] WARN  service.BookService - getById called with invalid id=0
2025-12-21 16:21:25.826 [main] WARN  service.BookService - getById called with invalid id=-5
2025-12-21 16:21:25.826 [main] WARN  service.BookService - getById called with invalid id=null
2025-12-21 16:21:25.827 [main] DEBUG service.BookService - BookService initialized with injected BookDAO.
2025-12-21 16:21:25.828 [main] DEBUG service.BookService - create(Book) called.
2025-12-21 16:21:25.829 [main] INFO  service.BookService - Book created successfully with id=10
2025-12-21 16:21:25.832 [main] DEBUG service.BookService - BookService initialized with injected BookDAO.
2025-12-21 16:21:25.832 [main] DEBUG service.BookService - create(Book) called.
2025-12-21 16:21:25.847 [main] DEBUG service.MemberService - MemberService initialized with injected MemberDAO.
2025-12-21 16:21:25.849 [main] DEBUG service.MemberService - create(Member) called.
2025-12-21 16:21:25.849 [main] INFO  service.MemberService - Member created successfully with id=30
2025-12-21 16:21:25.851 [main] DEBUG service.MemberService - MemberService initialized with injected MemberDAO.
2025-12-21 16:21:25.851 [main] DEBUG service.MemberService - update called for id=999
2025-12-21 16:21:25.852 [main] INFO  service.MemberService - update failed: no member found with id=999
2025-12-21 16:21:25.853 [main] DEBUG service.MemberService - MemberService initialized with injected MemberDAO.
2025-12-21 16:21:25.853 [main] DEBUG service.MemberService - delete called for id=25
2025-12-21 16:21:25.853 [main] INFO  service.MemberService - Member deleted successfully for id=25
2025-12-21 16:21:25.855 [main] DEBUG service.MemberService - MemberService initialized with injected MemberDAO.
2025-12-21 16:21:25.855 [main] DEBUG service.MemberService - delete called for id=null
2025-12-21 16:21:25.855 [main] WARN  service.MemberService - delete called with invalid id=null
2025-12-21 16:21:25.855 [main] DEBUG service.MemberService - delete called for id=0
2025-12-21 16:21:25.855 [main] WARN  service.MemberService - delete called with invalid id=0
2025-12-21 16:21:25.855 [main] DEBUG service.MemberService - delete called for id=-1
2025-12-21 16:21:25.855 [main] WARN  service.MemberService - delete called with invalid id=-1
2025-12-21 16:21:25.856 [main] DEBUG service.MemberService - MemberService initialized with injected MemberDAO.
2025-12-21 16:21:25.857 [main] DEBUG service.MemberService - create(Member) called.
2025-12-21 16:21:25.858 [main] DEBUG service.MemberService - MemberService initialized with injected MemberDAO.
2025-12-21 16:21:25.858 [main] DEBUG service.MemberService - create(Member) called.
2025-12-21 16:21:25.858 [main] INFO  service.MemberService - Member created successfully with id=25
2025-12-21 16:21:25.859 [main] DEBUG service.MemberService - MemberService initialized with injected MemberDAO.
2025-12-21 16:21:25.859 [main] DEBUG service.MemberService - update called for id=25
2025-12-21 16:21:25.859 [main] INFO  service.MemberService - Member updated successfully for id=25
2025-12-21 16:35:55.815 [main] DEBUG service.LoanService - LoanService initialized with injected LoanDAO.
2025-12-21 16:35:55.834 [main] DEBUG service.LoanService - getLoansByMemberId called. memberId=7
2025-12-21 16:35:55.838 [main] DEBUG service.LoanService - getLoansByMemberId returning 2 loans for memberId=7
2025-12-21 16:35:55.854 [main] DEBUG service.LoanService - LoanService initialized with injected LoanDAO.
2025-12-21 16:35:55.855 [main] INFO  service.LoanService - No loan found with id=999
2025-12-21 16:35:55.858 [main] DEBUG service.LoanService - LoanService initialized with injected LoanDAO.
2025-12-21 16:35:55.859 [main] DEBUG service.LoanService - create(Loan) called.
2025-12-21 16:35:55.861 [main] DEBUG service.LoanService - LoanService initialized with injected LoanDAO.
2025-12-21 16:35:55.861 [main] DEBUG service.LoanService - update called for id=0
2025-12-21 16:35:55.861 [main] WARN  service.LoanService - update called with invalid id=0
2025-12-21 16:35:55.861 [main] DEBUG service.LoanService - update called for id=-1
2025-12-21 16:35:55.861 [main] WARN  service.LoanService - update called with invalid id=-1
2025-12-21 16:35:55.862 [main] DEBUG service.LoanService - update called for id=null
2025-12-21 16:35:55.862 [main] WARN  service.LoanService - update called with invalid id=null
2025-12-21 16:35:55.864 [main] DEBUG service.LoanService - LoanService initialized with injected LoanDAO.
2025-12-21 16:35:55.864 [main] WARN  service.LoanService - getById called with invalid id=0
2025-12-21 16:35:55.864 [main] WARN  service.LoanService - getById called with invalid id=-5
2025-12-21 16:35:55.864 [main] WARN  service.LoanService - getById called with invalid id=null
2025-12-21 16:35:55.866 [main] DEBUG service.LoanService - LoanService initialized with injected LoanDAO.
2025-12-21 16:35:55.867 [main] DEBUG service.LoanService - create(Loan) called.
2025-12-21 16:35:55.868 [main] DEBUG service.LoanService - LoanService initialized with injected LoanDAO.
2025-12-21 16:35:55.869 [main] DEBUG service.LoanService - create(Loan) called.
2025-12-21 16:35:55.870 [main] DEBUG service.LoanService - LoanService initialized with injected LoanDAO.
2025-12-21 16:35:55.870 [main] DEBUG service.LoanService - delete called for id=999
2025-12-21 16:35:55.871 [main] INFO  service.LoanService - delete skipped: no loan found with id=999
2025-12-21 16:35:55.874 [main] DEBUG service.LoanService - LoanService initialized with injected LoanDAO.
2025-12-21 16:35:55.874 [main] DEBUG service.LoanService - create(Loan) called.
2025-12-21 16:35:55.875 [main] DEBUG service.LoanService - LoanService initialized with injected LoanDAO.
2025-12-21 16:35:55.876 [main] DEBUG service.LoanService - create(Loan) called.
2025-12-21 16:35:55.877 [main] DEBUG service.LoanService - LoanService initialized with injected LoanDAO.
2025-12-21 16:35:55.877 [main] DEBUG service.LoanService - delete called for id=null
2025-12-21 16:35:55.877 [main] WARN  service.LoanService - delete called with invalid id=null
2025-12-21 16:35:55.877 [main] DEBUG service.LoanService - delete called for id=0
2025-12-21 16:35:55.877 [main] WARN  service.LoanService - delete called with invalid id=0
2025-12-21 16:35:55.877 [main] DEBUG service.LoanService - delete called for id=-10
2025-12-21 16:35:55.877 [main] WARN  service.LoanService - delete called with invalid id=-10
2025-12-21 16:35:55.879 [main] DEBUG service.LoanService - LoanService initialized with injected LoanDAO.
2025-12-21 16:35:55.880 [main] DEBUG service.LoanService - returnLoan called. loanId=100, returnDate=2025-12-09
2025-12-21 16:35:55.880 [main] WARN  service.LoanService - returnLoan validation failed: returnDate 2025-12-09 is before checkoutDate 2025-12-10 for loanId=100
2025-12-21 16:35:55.882 [main] DEBUG service.LoanService - LoanService initialized with injected LoanDAO.
2025-12-21 16:35:55.882 [main] DEBUG service.LoanService - getLoansByMemberId called. memberId=0
2025-12-21 16:35:55.882 [main] WARN  service.LoanService - getLoansByMemberId called with invalid memberId=0
2025-12-21 16:35:55.882 [main] DEBUG service.LoanService - getLoansByMemberId called. memberId=-10
2025-12-21 16:35:55.882 [main] WARN  service.LoanService - getLoansByMemberId called with invalid memberId=-10
2025-12-21 16:35:55.883 [main] DEBUG service.LoanService - LoanService initialized with injected LoanDAO.
2025-12-21 16:35:55.883 [main] DEBUG service.LoanService - returnLoan called. loanId=100, returnDate=2025-12-11
2025-12-21 16:35:55.883 [main] INFO  service.LoanService - returnLoan: loan id=100 already returned on 2025-12-10
2025-12-21 16:35:55.886 [main] DEBUG service.LoanService - LoanService initialized with injected LoanDAO.
2025-12-21 16:35:55.886 [main] DEBUG service.LoanService - create(Loan) called.
2025-12-21 16:35:55.887 [main] DEBUG service.LoanService - LoanService initialized with injected LoanDAO.
2025-12-21 16:35:55.888 [main] DEBUG service.LoanService - update called for id=100
2025-12-21 16:35:55.889 [main] DEBUG service.LoanService - LoanService initialized with injected LoanDAO.
2025-12-21 16:35:55.890 [main] DEBUG service.LoanService - delete called for id=100
2025-12-21 16:35:55.890 [main] INFO  service.LoanService - Loan deleted successfully for id=100
2025-12-21 16:35:55.892 [main] DEBUG service.LoanService - LoanService initialized with injected LoanDAO.
2025-12-21 16:35:55.892 [main] DEBUG service.LoanService - getActiveLoans called.
2025-12-21 16:35:55.893 [main] DEBUG service.LoanService - getActiveLoans returning 2 loans.
2025-12-21 16:35:55.897 [main] DEBUG service.LoanService - LoanService initialized with injected LoanDAO.
2025-12-21 16:35:55.898 [main] DEBUG service.LoanService - create(Loan) called.
2025-12-21 16:35:55.899 [main] DEBUG service.LoanService - LoanService initialized with injected LoanDAO.
2025-12-21 16:35:55.900 [main] DEBUG service.LoanService - checkout called (delegating to create). bookId=null, memberId=null
2025-12-21 16:35:55.900 [main] DEBUG service.LoanService - create(Loan) called.
2025-12-21 16:35:55.902 [main] DEBUG service.LoanService - LoanService initialized with injected LoanDAO.
2025-12-21 16:35:55.902 [main] DEBUG service.LoanService - returnLoan called. loanId=100, returnDate=null
2025-12-21 16:35:55.903 [main] DEBUG service.LoanService - LoanService initialized with injected LoanDAO.
2025-12-21 16:35:55.903 [main] DEBUG service.LoanService - returnLoan called. loanId=0, returnDate=2025-12-21
2025-12-21 16:35:55.903 [main] WARN  service.LoanService - returnLoan called with invalid loanId=0
2025-12-21 16:35:55.903 [main] DEBUG service.LoanService - returnLoan called. loanId=-5, returnDate=2025-12-21
2025-12-21 16:35:55.903 [main] WARN  service.LoanService - returnLoan called with invalid loanId=-5
2025-12-21 16:35:55.905 [main] DEBUG service.LoanService - LoanService initialized with injected LoanDAO.
2025-12-21 16:35:55.906 [main] DEBUG service.LoanService - create(Loan) called.
2025-12-21 16:35:55.906 [main] INFO  service.LoanService - Loan created successfully with id=100 (bookId=5, memberId=7)
2025-12-21 16:35:55.907 [main] DEBUG service.LoanService - LoanService initialized with injected LoanDAO.
2025-12-21 16:35:55.908 [main] DEBUG service.LoanService - returnLoan called. loanId=100, returnDate=2025-12-05
2025-12-21 16:35:55.908 [main] INFO  service.LoanService - returnLoan: no loan found with id=100
2025-12-21 16:35:55.909 [main] DEBUG service.LoanService - LoanService initialized with injected LoanDAO.
2025-12-21 16:35:55.909 [main] DEBUG service.LoanService - update called for id=100
2025-12-21 16:35:55.910 [main] INFO  service.LoanService - Loan updated successfully for id=100
2025-12-21 16:35:55.910 [main] DEBUG service.LoanService - LoanService initialized with injected LoanDAO.
2025-12-21 16:35:55.912 [main] DEBUG service.LoanService - returnLoan called. loanId=100, returnDate=2025-12-05
2025-12-21 16:35:55.912 [main] INFO  service.LoanService - Loan returned successfully for loanId=100 on 2025-12-05
2025-12-21 16:35:55.913 [main] DEBUG service.LoanService - LoanService initialized with injected LoanDAO.
2025-12-21 16:35:55.913 [main] DEBUG service.LoanService - getOverdueLoans called. currentDate=null
2025-12-21 16:35:55.915 [main] DEBUG service.LoanService - LoanService initialized with injected LoanDAO.
2025-12-21 16:35:55.916 [main] DEBUG service.LoanService - update called for id=999
2025-12-21 16:35:55.916 [main] INFO  service.LoanService - update failed: no loan found with id=999
2025-12-21 16:35:55.917 [main] DEBUG service.LoanService - LoanService initialized with injected LoanDAO.
2025-12-21 16:35:55.918 [main] DEBUG service.LoanService - checkout called (delegating to create). bookId=5, memberId=7
2025-12-21 16:35:55.918 [main] DEBUG service.LoanService - create(Loan) called.
2025-12-21 16:35:55.918 [main] INFO  service.LoanService - Loan created successfully with id=100 (bookId=5, memberId=7)
2025-12-21 16:35:55.935 [main] DEBUG service.BookService - BookService initialized with injected BookDAO.
2025-12-21 16:35:55.937 [main] INFO  service.BookService - No book found with id=123
2025-12-21 16:35:55.939 [main] DEBUG service.BookService - BookService initialized with injected BookDAO.
2025-12-21 16:35:55.939 [main] DEBUG service.BookService - update called for id=0
2025-12-21 16:35:55.940 [main] WARN  service.BookService - update called with invalid id=0
2025-12-21 16:35:55.940 [main] DEBUG service.BookService - update called for id=-1
2025-12-21 16:35:55.940 [main] WARN  service.BookService - update called with invalid id=-1
2025-12-21 16:35:55.940 [main] DEBUG service.BookService - update called for id=null
2025-12-21 16:35:55.940 [main] WARN  service.BookService - update called with invalid id=null
2025-12-21 16:35:55.942 [main] DEBUG service.BookService - BookService initialized with injected BookDAO.
2025-12-21 16:35:55.943 [main] DEBUG service.BookService - create(Book) called.
2025-12-21 16:35:55.943 [main] DEBUG service.BookService - BookService initialized with injected BookDAO.
2025-12-21 16:35:55.943 [main] DEBUG service.BookService - update called for id=10
2025-12-21 16:35:55.945 [main] INFO  service.BookService - Book updated successfully for id=10
2025-12-21 16:35:55.946 [main] DEBUG service.BookService - BookService initialized with injected BookDAO.
2025-12-21 16:35:55.946 [main] DEBUG service.BookService - delete called for id=0
2025-12-21 16:35:55.946 [main] WARN  service.BookService - delete called with invalid id=0
2025-12-21 16:35:55.946 [main] DEBUG service.BookService - delete called for id=-9
2025-12-21 16:35:55.946 [main] WARN  service.BookService - delete called with invalid id=-9
2025-12-21 16:35:55.946 [main] DEBUG service.BookService - delete called for id=null
2025-12-21 16:35:55.946 [main] WARN  service.BookService - delete called with invalid id=null
2025-12-21 16:35:55.947 [main] DEBUG service.BookService - BookService initialized with injected BookDAO.
2025-12-21 16:35:55.947 [main] WARN  service.BookService - getById called with invalid id=0
2025-12-21 16:35:55.947 [main] WARN  service.BookService - getById called with invalid id=-5
2025-12-21 16:35:55.947 [main] WARN  service.BookService - getById called with invalid id=null
2025-12-21 16:35:55.949 [main] DEBUG service.BookService - BookService initialized with injected BookDAO.
2025-12-21 16:35:55.949 [main] DEBUG service.BookService - Book found with id=10
2025-12-21 16:35:55.950 [main] DEBUG service.BookService - BookService initialized with injected BookDAO.
2025-12-21 16:35:55.951 [main] DEBUG service.BookService - update called for id=10
2025-12-21 16:35:55.951 [main] INFO  service.BookService - update failed: no book found with id=10
2025-12-21 16:35:55.952 [main] DEBUG service.BookService - BookService initialized with injected BookDAO.
2025-12-21 16:35:55.953 [main] DEBUG service.BookService - getAll called.
2025-12-21 16:35:55.953 [main] DEBUG service.BookService - getAll returning 2 books.
2025-12-21 16:35:55.954 [main] DEBUG service.BookService - BookService initialized with injected BookDAO.
2025-12-21 16:35:55.954 [main] DEBUG service.BookService - update called for id=10
2025-12-21 16:35:55.955 [main] DEBUG service.BookService - BookService initialized with injected BookDAO.
2025-12-21 16:35:55.956 [main] DEBUG service.BookService - delete called for id=10
2025-12-21 16:35:55.956 [main] INFO  service.BookService - Book deleted successfully for id=10
2025-12-21 16:35:55.957 [main] DEBUG service.BookService - BookService initialized with injected BookDAO.
2025-12-21 16:35:55.957 [main] DEBUG service.BookService - delete called for id=999
2025-12-21 16:35:55.957 [main] INFO  service.BookService - delete skipped: no book found with id=999
2025-12-21 16:35:55.959 [main] DEBUG service.BookService - BookService initialized with injected BookDAO.
2025-12-21 16:35:55.959 [main] DEBUG service.BookService - create(Book) called.
2025-12-21 16:35:55.959 [main] INFO  service.BookService - Book created successfully with id=10
2025-12-21 16:35:55.960 [main] DEBUG service.BookService - BookService initialized with injected BookDAO.
2025-12-21 16:35:55.960 [main] DEBUG service.BookService - create(Book) called.
2025-12-21 16:35:55.977 [main] DEBUG service.MemberService - MemberService initialized with injected MemberDAO.
2025-12-21 16:35:55.978 [main] INFO  service.MemberService - No member found with id=999
2025-12-21 16:35:55.980 [main] DEBUG service.MemberService - MemberService initialized with injected MemberDAO.
2025-12-21 16:35:55.980 [main] DEBUG service.MemberService - update called for id=null
2025-12-21 16:35:55.981 [main] WARN  service.MemberService - update called with invalid id=null
2025-12-21 16:35:55.981 [main] DEBUG service.MemberService - update called for id=0
2025-12-21 16:35:55.981 [main] WARN  service.MemberService - update called with invalid id=0
2025-12-21 16:35:55.982 [main] DEBUG service.MemberService - update called for id=-5
2025-12-21 16:35:55.982 [main] WARN  service.MemberService - update called with invalid id=-5
2025-12-21 16:35:55.983 [main] DEBUG service.MemberService - MemberService initialized with injected MemberDAO.
2025-12-21 16:35:55.983 [main] WARN  service.MemberService - getById called with invalid id=null
2025-12-21 16:35:55.983 [main] WARN  service.MemberService - getById called with invalid id=0
2025-12-21 16:35:55.983 [main] WARN  service.MemberService - getById called with invalid id=-1
2025-12-21 16:35:55.984 [main] DEBUG service.MemberService - MemberService initialized with injected MemberDAO.
2025-12-21 16:35:55.984 [main] DEBUG service.MemberService - create(Member) called.
2025-12-21 16:35:55.985 [main] DEBUG service.MemberService - MemberService initialized with injected MemberDAO.
2025-12-21 16:35:55.986 [main] DEBUG service.MemberService - update called for id=25
2025-12-21 16:35:55.986 [main] INFO  service.MemberService - Member updated successfully for id=25
2025-12-21 16:35:55.987 [main] DEBUG service.MemberService - MemberService initialized with injected MemberDAO.
2025-12-21 16:35:55.987 [main] DEBUG service.MemberService - update called for id=25
2025-12-21 16:35:55.989 [main] DEBUG service.MemberService - MemberService initialized with injected MemberDAO.
2025-12-21 16:35:55.989 [main] DEBUG service.MemberService - create(Member) called.
2025-12-21 16:35:55.989 [main] INFO  service.MemberService - Member created successfully with id=30
2025-12-21 16:35:55.990 [main] DEBUG service.MemberService - MemberService initialized with injected MemberDAO.
2025-12-21 16:35:55.990 [main] DEBUG service.MemberService - delete called for id=999
2025-12-21 16:35:55.990 [main] INFO  service.MemberService - delete skipped: no member found with id=999
2025-12-21 16:35:55.992 [main] DEBUG service.MemberService - MemberService initialized with injected MemberDAO.
2025-12-21 16:35:55.992 [main] DEBUG service.MemberService - create(Member) called.
2025-12-21 16:35:55.993 [main] DEBUG service.MemberService - MemberService initialized with injected MemberDAO.
2025-12-21 16:35:55.993 [main] DEBUG service.MemberService - update called for id=25
2025-12-21 16:35:55.993 [main] DEBUG service.MemberService - MemberService initialized with injected MemberDAO.
2025-12-21 16:35:55.994 [main] DEBUG service.MemberService - delete called for id=25
2025-12-21 16:35:55.994 [main] INFO  service.MemberService - Member deleted successfully for id=25
2025-12-21 16:35:55.994 [main] DEBUG service.MemberService - MemberService initialized with injected MemberDAO.
2025-12-21 16:35:55.995 [main] DEBUG service.MemberService - Member found with id=25
2025-12-21 16:35:55.995 [main] DEBUG service.MemberService - MemberService initialized with injected MemberDAO.
2025-12-21 16:35:55.996 [main] DEBUG service.MemberService - create(Member) called.
2025-12-21 16:35:55.996 [main] INFO  service.MemberService - Member created successfully with id=25
2025-12-21 16:35:55.997 [main] DEBUG service.MemberService - MemberService initialized with injected MemberDAO.
2025-12-21 16:35:55.997 [main] DEBUG service.MemberService - update called for id=25
2025-12-21 16:35:55.997 [main] INFO  service.MemberService - Member updated successfully for id=25
2025-12-21 16:35:55.998 [main] DEBUG service.MemberService - MemberService initialized with injected MemberDAO.
2025-12-21 16:35:55.999 [main] DEBUG service.MemberService - update called for id=999
2025-12-21 16:35:55.999 [main] INFO  service.MemberService - update failed: no member found with id=999
2025-12-21 16:35:56.000 [main] DEBUG service.MemberService - MemberService initialized with injected MemberDAO.
2025-12-21 16:35:56.000 [main] DEBUG service.MemberService - delete called for id=null
2025-12-21 16:35:56.000 [main] WARN  service.MemberService - delete called with invalid id=null
2025-12-21 16:35:56.000 [main] DEBUG service.MemberService - delete called for id=0
2025-12-21 16:35:56.000 [main] WARN  service.MemberService - delete called with invalid id=0
2025-12-21 16:35:56.000 [main] DEBUG service.MemberService - delete called for id=-1
2025-12-21 16:35:56.000 [main] WARN  service.MemberService - delete called with invalid id=-1
2025-12-21 16:40:38.219 [main] INFO  util.DbConnectionUtil - Database connection established successfully (url=jdbc:postgresql://localhost:5432/postgres, username=postgres).
2025-12-21 16:40:38.221 [main] INFO  repository.DbSetup - Database reset started (DROP + CREATE + SEED).
2025-12-21 16:40:38.221 [main] DEBUG repository.DbSetup - Auto-commit disabled. Beginning transaction.
2025-12-21 16:40:38.221 [main] DEBUG repository.DbSetup - Dropping existing tables.
2025-12-21 16:40:38.238 [main] DEBUG repository.DbSetup - Creating database schema.
2025-12-21 16:40:38.284 [main] DEBUG repository.DbSetup - Inserting seed data.
2025-12-21 16:40:38.305 [main] INFO  repository.DbSetup - Database reset completed successfully. Transaction committed.
2025-12-21 16:40:38.305 [main] DEBUG repository.DbSetup - Auto-commit restored to original state.
2025-12-21 16:40:43.788 [main] DEBUG repository.DAO.BookDAO - BookDAO.save called (title='The Pragmatic Programmer', author='Andrew Hunt').
2025-12-21 16:40:43.796 [main] INFO  repository.DAO.BookDAO - Book inserted successfully with id=6.
2025-12-21 16:40:43.798 [main] DEBUG repository.DAO.BookDAO - BookDAO.findAll called.
2025-12-21 16:40:43.800 [main] DEBUG repository.DAO.BookDAO - BookDAO.findAll returning 6 books.
2025-12-21 16:40:43.800 [main] DEBUG repository.DAO.MemberDAO - MemberDAO.save called (name='Test Member').
2025-12-21 16:40:43.802 [main] INFO  repository.DAO.MemberDAO - Member inserted successfully with id=4.
2025-12-21 16:40:43.803 [main] DEBUG repository.DAO.MemberDAO - MemberDAO.findAll called.
2025-12-21 16:40:43.804 [main] DEBUG repository.DAO.MemberDAO - MemberDAO.findAll returning 4 members.
2025-12-21 16:40:43.805 [main] DEBUG repository.DAO.LoanDAO - LoanDAO.save called (bookId=6, memberId=4, checkoutDate=2025-12-21, dueDate=2026-01-04, returnDate=null).
2025-12-21 16:40:43.807 [main] INFO  repository.DAO.LoanDAO - Loan inserted successfully with id=4.
2025-12-21 16:40:43.808 [main] DEBUG repository.DAO.LoanDAO - LoanDAO.findAll called.
2025-12-21 16:40:43.810 [main] DEBUG repository.DAO.LoanDAO - LoanDAO.findAll returning 4 loans.
2025-12-21 16:40:43.810 [main] DEBUG repository.DAO.LoanDAO - LoanDAO.deleteById called (id=4).
2025-12-21 16:40:43.812 [main] INFO  repository.DAO.LoanDAO - Loan deleted successfully (id=4).
2025-12-21 16:40:43.812 [main] DEBUG repository.DAO.LoanDAO - LoanDAO.findAll called.
2025-12-21 16:40:43.813 [main] DEBUG repository.DAO.LoanDAO - LoanDAO.findAll returning 3 loans.
2025-12-21 16:40:43.813 [main] DEBUG repository.DAO.MemberDAO - MemberDAO.deleteById called (id=4).
2025-12-21 16:40:43.815 [main] INFO  repository.DAO.MemberDAO - Member deleted successfully (id=4).
2025-12-21 16:40:43.815 [main] DEBUG repository.DAO.MemberDAO - MemberDAO.findAll called.
2025-12-21 16:40:43.816 [main] DEBUG repository.DAO.MemberDAO - MemberDAO.findAll returning 3 members.
2025-12-21 16:40:43.816 [main] DEBUG repository.DAO.BookDAO - BookDAO.deleteById called (id=6).
2025-12-21 16:40:43.818 [main] INFO  repository.DAO.BookDAO - Book deleted successfully (id=6).
2025-12-21 16:40:43.818 [main] DEBUG repository.DAO.BookDAO - BookDAO.findAll called.
2025-12-21 16:40:43.818 [main] DEBUG repository.DAO.BookDAO - BookDAO.findAll returning 5 books.
2025-12-21 16:40:43.819 [main] INFO  util.InputUtil - Closing input scanner.
2025-12-21 16:40:43.819 [main] INFO  util.DbConnectionUtil - Database connection closed successfully.
