2025-12-22 07:55:02.005 [main] INFO  util.DbConnectionUtil - Database connection established successfully (url=jdbc:postgresql://localhost:5432/postgres, username=postgres).
2025-12-22 07:55:02.042 [main] DEBUG service.BookService - BookService initialized with default BookDAO.
2025-12-22 07:55:02.044 [main] DEBUG service.MemberService - MemberService initialized with default MemberDAO.
2025-12-22 07:55:02.045 [main] DEBUG service.LoanService - LoanService initialized with default LoanDAO.
2025-12-22 07:55:02.045 [main] INFO  controller.MainMenuController - Application started: Library Management System
2025-12-22 07:55:06.552 [main] INFO  controller.MainMenuController - User selected Exit. Shutting down.
2025-12-22 07:55:06.552 [main] INFO  controller.MainMenuController - Application stopped: Library Management System
2025-12-22 07:55:12.576 [main] INFO  util.DbConnectionUtil - Database connection established successfully (url=jdbc:postgresql://localhost:5432/postgres, username=postgres).
2025-12-22 07:55:12.579 [main] DEBUG service.BookService - BookService initialized with default BookDAO.
2025-12-22 07:55:12.580 [main] DEBUG service.MemberService - MemberService initialized with default MemberDAO.
2025-12-22 07:55:12.581 [main] DEBUG service.LoanService - LoanService initialized with default LoanDAO.
2025-12-22 07:55:12.581 [main] INFO  controller.MainMenuController - Application started: Library Management System
2025-12-22 07:55:15.566 [main] INFO  controller.MainMenuController - Navigating to Book Services
2025-12-22 07:55:15.566 [main] INFO  controller.BookController - Entered Book Services menu.
2025-12-22 07:55:18.310 [main] INFO  controller.BookController - Listing all books.
2025-12-22 07:55:18.310 [main] DEBUG service.BookService - getAll called.
2025-12-22 07:55:18.310 [main] DEBUG repository.DAO.BookDAO - BookDAO.findAll called.
2025-12-22 07:55:18.328 [main] DEBUG repository.DAO.BookDAO - BookDAO.findAll returning 5 books.
2025-12-22 07:55:18.330 [main] DEBUG service.BookService - getAll returning 5 books.
2025-12-22 07:55:56.692 [main] DEBUG repository.DAO.BookDAO - BookDAO.findById called (id=6).
2025-12-22 07:55:56.696 [main] DEBUG repository.DAO.BookDAO - No book found for id=6.
2025-12-22 07:55:56.696 [main] INFO  service.BookService - No book found with id=6
2025-12-22 07:55:56.696 [main] INFO  controller.BookController - No book found with id=6
2025-12-22 07:56:30.274 [main] DEBUG repository.DAO.BookDAO - BookDAO.findById called (id=6).
2025-12-22 07:56:30.275 [main] DEBUG repository.DAO.BookDAO - No book found for id=6.
2025-12-22 07:56:30.275 [main] INFO  service.BookService - No book found with id=6
2025-12-22 07:56:30.275 [main] INFO  controller.BookController - No book found to update with id=6
2025-12-22 07:56:52.694 [main] INFO  controller.BookController - Exiting Book Services menu.
2025-12-22 07:56:54.289 [main] INFO  controller.MainMenuController - Navigating to Member Services
2025-12-22 07:56:54.289 [main] INFO  controller.MemberController - Entered Member Services menu.
2025-12-22 07:56:56.042 [main] INFO  controller.MemberController - Listing all members.
2025-12-22 07:56:56.042 [main] DEBUG service.MemberService - getAll called.
2025-12-22 07:56:56.042 [main] DEBUG repository.DAO.MemberDAO - MemberDAO.findAll called.
2025-12-22 07:56:56.046 [main] DEBUG repository.DAO.MemberDAO - MemberDAO.findAll returning 3 members.
2025-12-22 07:56:56.046 [main] DEBUG service.MemberService - getAll returning 3 members.
2025-12-22 08:00:45.722 [main] INFO  util.DbConnectionUtil - Database connection established successfully (url=jdbc:postgresql://localhost:5432/postgres, username=postgres).
2025-12-22 08:00:45.725 [main] DEBUG service.BookService - BookService initialized with default BookDAO.
2025-12-22 08:00:45.726 [main] DEBUG service.MemberService - MemberService initialized with default MemberDAO.
2025-12-22 08:00:45.727 [main] DEBUG service.LoanService - LoanService initialized with default LoanDAO.
2025-12-22 08:00:45.727 [main] INFO  controller.MainMenuController - Application started: Library Management System
2025-12-22 08:00:48.439 [main] INFO  controller.MainMenuController - Navigating to Book Services
2025-12-22 08:00:48.439 [main] INFO  controller.BookController - Entered Book Services menu.
2025-12-22 08:00:57.034 [main] INFO  controller.BookController - Listing all books.
2025-12-22 08:00:57.034 [main] DEBUG service.BookService - getAll called.
2025-12-22 08:00:57.034 [main] DEBUG repository.DAO.BookDAO - BookDAO.findAll called.
2025-12-22 08:00:57.043 [main] DEBUG repository.DAO.BookDAO - BookDAO.findAll returning 5 books.
2025-12-22 08:00:57.044 [main] DEBUG service.BookService - getAll returning 5 books.
2025-12-22 08:01:45.655 [main] DEBUG repository.DAO.BookDAO - BookDAO.findById called (id=6).
2025-12-22 08:01:45.657 [main] DEBUG repository.DAO.BookDAO - No book found for id=6.
2025-12-22 08:01:45.657 [main] INFO  service.BookService - No book found with id=6
2025-12-22 08:01:45.657 [main] INFO  controller.BookController - No book found with id=6
2025-12-22 08:01:52.639 [main] DEBUG repository.DAO.BookDAO - BookDAO.findById called (id=5).
2025-12-22 08:01:52.641 [main] DEBUG repository.DAO.BookDAO - Book found for id=5.
2025-12-22 08:01:52.641 [main] DEBUG service.BookService - Book found with id=5
2025-12-22 08:01:52.641 [main] INFO  controller.BookController - Book found with id=5
2025-12-22 08:02:25.480 [main] WARN  util.InputUtil - Invalid integer input received: ''
2025-12-22 08:24:46.175 [main] INFO  util.DbConnectionUtil - Database connection established successfully (url=jdbc:postgresql://localhost:5432/postgres, username=postgres).
2025-12-22 08:24:46.176 [main] DEBUG service.BookService - BookService initialized with default BookDAO.
2025-12-22 08:24:46.178 [main] DEBUG service.MemberService - MemberService initialized with default MemberDAO.
2025-12-22 08:24:46.179 [main] DEBUG service.LoanService - LoanService initialized with default LoanDAO.
2025-12-22 08:24:46.179 [main] INFO  controller.MainMenuController - Application started: Library Management System
2025-12-22 08:24:50.947 [main] INFO  controller.MainMenuController - Navigating to Book Services
2025-12-22 08:24:50.947 [main] INFO  controller.BookController - Entered Book Services menu.
2025-12-22 08:24:55.589 [main] INFO  controller.BookController - Listing all books.
2025-12-22 08:24:55.589 [main] DEBUG service.BookService - getAll called.
2025-12-22 08:24:55.589 [main] DEBUG repository.DAO.BookDAO - BookDAO.findAll called.
2025-12-22 08:24:55.600 [main] DEBUG repository.DAO.BookDAO - BookDAO.findAll returning 5 books.
2025-12-22 08:24:55.601 [main] DEBUG service.BookService - getAll returning 5 books.
2025-12-22 08:25:06.168 [main] DEBUG repository.DAO.BookDAO - BookDAO.findById called (id=5).
2025-12-22 08:25:06.170 [main] DEBUG repository.DAO.BookDAO - Book found for id=5.
2025-12-22 08:25:06.171 [main] DEBUG service.BookService - Book found with id=5
2025-12-22 08:25:06.171 [main] INFO  controller.BookController - Book found with id=5
2025-12-22 08:25:15.738 [main] DEBUG repository.DAO.BookDAO - BookDAO.findById called (id=6).
2025-12-22 08:25:15.739 [main] DEBUG repository.DAO.BookDAO - No book found for id=6.
2025-12-22 08:25:15.739 [main] INFO  service.BookService - No book found with id=6
2025-12-22 08:25:15.739 [main] INFO  controller.BookController - No book found with id=6
2025-12-22 08:25:19.956 [main] WARN  util.InputUtil - Invalid integer input received: 'k'
2025-12-22 08:25:34.681 [main] WARN  util.InputUtil - Invalid integer input received: '123456789123456789'
2025-12-22 08:25:44.694 [main] DEBUG repository.DAO.BookDAO - BookDAO.findById called (id=12).
2025-12-22 08:25:44.695 [main] DEBUG repository.DAO.BookDAO - No book found for id=12.
2025-12-22 08:25:44.695 [main] INFO  service.BookService - No book found with id=12
2025-12-22 08:25:44.695 [main] INFO  controller.BookController - No book found with id=12
2025-12-22 08:26:10.208 [main] DEBUG service.BookService - delete called for id=6
2025-12-22 08:26:10.208 [main] DEBUG repository.DAO.BookDAO - BookDAO.findById called (id=6).
2025-12-22 08:26:10.209 [main] DEBUG repository.DAO.BookDAO - No book found for id=6.
2025-12-22 08:26:10.209 [main] INFO  service.BookService - delete skipped: no book found with id=6
2025-12-22 08:26:10.210 [main] INFO  controller.BookController - No book found to delete with id=6
2025-12-22 08:26:18.612 [main] DEBUG service.BookService - delete called for id=5
2025-12-22 08:26:18.612 [main] DEBUG repository.DAO.BookDAO - BookDAO.findById called (id=5).
2025-12-22 08:26:18.613 [main] DEBUG repository.DAO.BookDAO - Book found for id=5.
2025-12-22 08:26:18.613 [main] DEBUG repository.DAO.BookDAO - BookDAO.deleteById called (id=5).
2025-12-22 08:26:18.623 [main] INFO  repository.DAO.BookDAO - Book deleted successfully (id=5).
2025-12-22 08:26:18.623 [main] INFO  service.BookService - Book deleted successfully for id=5
2025-12-22 08:26:18.623 [main] INFO  controller.BookController - Book deleted successfully with id=5
2025-12-22 08:26:37.624 [main] INFO  controller.BookController - Listing all books.
2025-12-22 08:26:37.624 [main] DEBUG service.BookService - getAll called.
2025-12-22 08:26:37.624 [main] DEBUG repository.DAO.BookDAO - BookDAO.findAll called.
2025-12-22 08:26:37.626 [main] DEBUG repository.DAO.BookDAO - BookDAO.findAll returning 4 books.
2025-12-22 08:26:37.626 [main] DEBUG service.BookService - getAll returning 4 books.
2025-12-22 08:26:48.782 [main] DEBUG repository.DAO.BookDAO - BookDAO.findById called (id=5).
2025-12-22 08:26:48.784 [main] DEBUG repository.DAO.BookDAO - No book found for id=5.
2025-12-22 08:26:48.784 [main] INFO  service.BookService - No book found with id=5
2025-12-22 08:26:48.784 [main] INFO  controller.BookController - No book found to update with id=5
2025-12-22 08:26:58.054 [main] DEBUG repository.DAO.BookDAO - BookDAO.findById called (id=4).
2025-12-22 08:26:58.056 [main] DEBUG repository.DAO.BookDAO - Book found for id=4.
2025-12-22 08:26:58.056 [main] DEBUG service.BookService - Book found with id=4
2025-12-22 08:27:23.667 [main] DEBUG service.BookService - update called for id=4
2025-12-22 08:27:23.667 [main] DEBUG repository.DAO.BookDAO - BookDAO.findById called (id=4).
2025-12-22 08:27:23.670 [main] DEBUG repository.DAO.BookDAO - Book found for id=4.
2025-12-22 08:27:23.670 [main] DEBUG repository.DAO.BookDAO - BookDAO.update called (id=4).
2025-12-22 08:27:23.677 [main] INFO  repository.DAO.BookDAO - Book updated successfully (id=4).
2025-12-22 08:27:23.677 [main] INFO  service.BookService - Book updated successfully for id=4
2025-12-22 08:27:23.677 [main] INFO  controller.BookController - Book updated successfully for id=4
2025-12-22 08:27:29.638 [main] DEBUG repository.DAO.BookDAO - BookDAO.findById called (id=4).
2025-12-22 08:27:29.639 [main] DEBUG repository.DAO.BookDAO - Book found for id=4.
2025-12-22 08:27:29.639 [main] DEBUG service.BookService - Book found with id=4
2025-12-22 08:27:29.639 [main] INFO  controller.BookController - Book found with id=4
2025-12-22 08:28:44.848 [main] WARN  util.InputUtil - Invalid integer input received: '-'
2025-12-22 08:28:52.513 [main] DEBUG repository.DAO.BookDAO - BookDAO.findById called (id=4).
2025-12-22 08:28:52.515 [main] DEBUG repository.DAO.BookDAO - Book found for id=4.
2025-12-22 08:28:52.515 [main] DEBUG service.BookService - Book found with id=4
2025-12-22 08:29:28.892 [main] WARN  util.InputUtil - Invalid integer input received: 'asdf'
2025-12-22 08:29:34.882 [main] WARN  controller.BookController - Validation error while updating book id=4: ISBN must be 10–20 characters and contain only digits, X/x, or hyphens (e.g., 978-1-4028-9462-6).
